# JRE version: OpenJDK Runtime Environment (19.0+36) (build 19+36-2238)
# Java VM: OpenJDK 64-Bit Server VM (19+36-2238, mixed mode, sharing, tiered, compressed oops, compressed class ptrs, g1 gc, windows-amd64)
GC Precious Log:
 CardTable entry size: 512
 Card Set container configuration: InlinePtr #cards 5 size 8 Array Of Cards #cards 12 size 40 Howl #buckets 4 coarsen threshold 1843 Howl Bitmap #cards 512 size 80 coarsen threshold 460 Card regions per heap region 1 cards per card region 2048
 CPUs: 4 total, 4 available
 Memory: 8069M
 Large Page Support: Disabled
 NUMA Support: Disabled
 Compressed Oops: Enabled (32-bit)
 Heap Region Size: 1M
 Heap Min Capacity: 256M
 Heap Initial Capacity: 256M
 Heap Max Capacity: 512M
 Pre-touch: Disabled
 Parallel Workers: 4
 Concurrent Workers: 1
 Concurrent Refinement Workers: 4
 Periodic GC: Disabled
Heap:
 garbage-first heap   total 262144K, used 125348K [0x00000000e0000000, 0x0000000100000000)
  region size 1024K, 5 young (5120K), 4 survivors (4096K)
 Metaspace       used 50656K, committed 52224K, reserved 278528K
  class space    used 6840K, committed 7616K, reserved 212992K
GC Heap History (14 events):
Event: 0.564 GC heap before
{Heap before GC invocations=0 (full 0):
 garbage-first heap   total 262144K, used 18432K [0x00000000e0000000, 0x0000000100000000)
  region size 1024K, 13 young (13312K), 0 survivors (0K)
 Metaspace       used 1788K, committed 1984K, reserved 278528K
  class space    used 192K, committed 320K, reserved 212992K
}
Event: 0.568 GC heap after
{Heap after GC invocations=1 (full 0):
 garbage-first heap   total 262144K, used 7920K [0x00000000e0000000, 0x0000000100000000)
  region size 1024K, 2 young (2048K), 2 survivors (2048K)
 Metaspace       used 1788K, committed 1984K, reserved 278528K
  class space    used 192K, committed 320K, reserved 212992K
}
Event: 1.057 GC heap before
{Heap before GC invocations=1 (full 0):
 garbage-first heap   total 262144K, used 22256K [0x00000000e0000000, 0x0000000100000000)
  region size 1024K, 16 young (16384K), 2 survivors (2048K)
 Metaspace       used 3630K, committed 3840K, reserved 278528K
  class space    used 442K, committed 576K, reserved 212992K
}
Event: 1.061 GC heap after
{Heap after GC invocations=2 (full 0):
 garbage-first heap   total 262144K, used 8363K [0x00000000e0000000, 0x0000000100000000)
  region size 1024K, 1 young (1024K), 1 survivors (1024K)
 Metaspace       used 3630K, committed 3840K, reserved 278528K
  class space    used 442K, committed 576K, reserved 212992K
}
Event: 2.652 GC heap before
{Heap before GC invocations=2 (full 0):
 garbage-first heap   total 262144K, used 61611K [0x00000000e0000000, 0x0000000100000000)
  region size 1024K, 53 young (54272K), 1 survivors (1024K)
 Metaspace       used 12602K, committed 12928K, reserved 278528K
  class space    used 1698K, committed 1856K, reserved 212992K
}
Event: 2.662 GC heap after
{Heap after GC invocations=3 (full 0):
 garbage-first heap   total 262144K, used 16802K [0x00000000e0000000, 0x0000000100000000)
  region size 1024K, 7 young (7168K), 7 survivors (7168K)
 Metaspace       used 12602K, committed 12928K, reserved 278528K
  class space    used 1698K, committed 1856K, reserved 212992K
}
Event: 4.243 GC heap before
{Heap before GC invocations=3 (full 0):
 garbage-first heap   total 262144K, used 99746K [0x00000000e0000000, 0x0000000100000000)
  region size 1024K, 63 young (64512K), 7 survivors (7168K)
 Metaspace       used 20783K, committed 21504K, reserved 278528K
  class space    used 3002K, committed 3392K, reserved 212992K
}
Event: 4.261 GC heap after
{Heap after GC invocations=4 (full 0):
 garbage-first heap   total 262144K, used 51757K [0x00000000e0000000, 0x0000000100000000)
  region size 1024K, 7 young (7168K), 7 survivors (7168K)
 Metaspace       used 20783K, committed 21504K, reserved 278528K
  class space    used 3002K, committed 3392K, reserved 212992K
}
Event: 6.745 GC heap before
{Heap before GC invocations=5 (full 0):
 garbage-first heap   total 262144K, used 161325K [0x00000000e0000000, 0x0000000100000000)
  region size 1024K, 93 young (95232K), 7 survivors (7168K)
 Metaspace       used 34851K, committed 36096K, reserved 278528K
  class space    used 4729K, committed 5376K, reserved 212992K
}
Event: 6.766 GC heap after
{Heap after GC invocations=6 (full 0):
 garbage-first heap   total 262144K, used 81552K [0x00000000e0000000, 0x0000000100000000)
  region size 1024K, 16 young (16384K), 16 survivors (16384K)
 Metaspace       used 34851K, committed 36096K, reserved 278528K
  class space    used 4729K, committed 5376K, reserved 212992K
}
Event: 11.260 GC heap before
{Heap before GC invocations=7 (full 0):
 garbage-first heap   total 262144K, used 203408K [0x00000000e0000000, 0x0000000100000000)
  region size 1024K, 125 young (128000K), 16 survivors (16384K)
 Metaspace       used 49197K, committed 50688K, reserved 278528K
  class space    used 6629K, committed 7424K, reserved 212992K
}
Event: 11.292 GC heap after
{Heap after GC invocations=8 (full 0):
 garbage-first heap   total 262144K, used 101445K [0x00000000e0000000, 0x0000000100000000)
  region size 1024K, 10 young (10240K), 10 survivors (10240K)
 Metaspace       used 49197K, committed 50688K, reserved 278528K
  class space    used 6629K, committed 7424K, reserved 212992K
}
Event: 11.317 GC heap before
{Heap before GC invocations=8 (full 0):
 garbage-first heap   total 262144K, used 103493K [0x00000000e0000000, 0x0000000100000000)
  region size 1024K, 12 young (12288K), 10 survivors (10240K)
 Metaspace       used 49256K, committed 50752K, reserved 278528K
  class space    used 6634K, committed 7424K, reserved 212992K
}
Event: 11.329 GC heap after
{Heap after GC invocations=9 (full 0):
 garbage-first heap   total 262144K, used 102648K [0x00000000e0000000, 0x0000000100000000)
  region size 1024K, 2 young (2048K), 2 survivors (2048K)
 Metaspace       used 49256K, committed 50752K, reserved 278528K
  class space    used 6634K, committed 7424K, reserved 212992K
}

